Using pre-set license
Built from '2020.3/release' branch; Version is '2020.3.7f1 (dd97f2c94397) revision 14522354'; Using compiler version '192528614'; Build Type 'Release'
OS: 'Windows 10 Enterprise; OS build 19041.1415; Version 2004; 64bit' Language: 'en' Physical Memory: 16314 MB
BatchMode: 1, IsHumanControllingUs: 0, StartBugReporterOnCrash: 0, Is64bit: 1, IsPro: 0

 COMMAND LINE ARGUMENTS:
C:\Program Files\Unity\Hub\Editor\2020.3.7f1\Editor\Unity.exe
-adb2
-batchMode
-noUpm
-name
AssetImportWorker0
-projectPath
E:/GDS212/GSD212-Project-1-Trapped-in-the-Dungeon
-logFile
Logs/AssetImportWorker0.log
-srvPort
54803
Successfully changed project path to: E:/GDS212/GSD212-Project-1-Trapped-in-the-Dungeon
E:/GDS212/GSD212-Project-1-Trapped-in-the-Dungeon
Using Asset Import Pipeline V2.
Refreshing native plugins compatible for Editor in 79.69 ms, found 0 plugins.
Preloading 0 native plugins for Editor in 0.00 ms.
Initialize engine version: 2020.3.7f1 (dd97f2c94397)
[Subsystems] Discovering subsystems at path C:/Program Files/Unity/Hub/Editor/2020.3.7f1/Editor/Data/Resources/UnitySubsystems
[Subsystems] Discovering subsystems at path E:/GDS212/GSD212-Project-1-Trapped-in-the-Dungeon/Assets
GfxDevice: creating device client; threaded=0
Direct3D:
    Version:  Direct3D 11.0 [level 11.1]
    Renderer: Radeon RX 570 Series (ID=0x67df)
    Vendor:   
    VRAM:     4075 MB
    Driver:   27.20.1034.6
Initialize mono
Mono path[0] = 'C:/Program Files/Unity/Hub/Editor/2020.3.7f1/Editor/Data/Managed'
Mono path[1] = 'C:/Program Files/Unity/Hub/Editor/2020.3.7f1/Editor/Data/MonoBleedingEdge/lib/mono/unityjit'
Mono config path = 'C:/Program Files/Unity/Hub/Editor/2020.3.7f1/Editor/Data/MonoBleedingEdge/etc'
Using monoOptions --debugger-agent=transport=dt_socket,embedding=1,server=y,suspend=n,address=127.0.0.1:56756
Begin MonoManager ReloadAssembly
Registering precompiled unity dll's ...
Register platform support module: C:/Program Files/Unity/Hub/Editor/2020.3.7f1/Editor/Data/PlaybackEngines/WindowsStandaloneSupport/UnityEditor.WindowsStandalone.Extensions.dll
Registered in 0.002143 seconds.
Native extension for WindowsStandalone target not found
Refreshing native plugins compatible for Editor in 27.56 ms, found 0 plugins.
Preloading 0 native plugins for Editor in 0.00 ms.
Mono: successfully reloaded assembly
- Completed reload, in  2.449 seconds
Platform modules already initialized, skipping
Registering precompiled user dll's ...
Registered in 0.001201 seconds.
Begin MonoManager ReloadAssembly
Native extension for WindowsStandalone target not found
Refreshing native plugins compatible for Editor in 0.26 ms, found 0 plugins.
Preloading 0 native plugins for Editor in 0.00 ms.
Mono: successfully reloaded assembly
- Completed reload, in  0.896 seconds
Platform modules already initialized, skipping
========================================================================
Worker process is ready to serve import requests
Launched and connected shader compiler UnityShaderCompiler.exe after 0.18 seconds
Refreshing native plugins compatible for Editor in 0.34 ms, found 0 plugins.
Preloading 0 native plugins for Editor in 0.00 ms.
Unloading 1118 Unused Serialized files (Serialized files now loaded: 0)
System memory in use before: 57.0 MB.
System memory in use after: 57.0 MB.

Unloading 9 unused Assets to reduce memory usage. Loaded Objects now: 1561.
Total: 3.334700 ms (FindLiveObjects: 0.388000 ms CreateObjectMapping: 0.107300 ms MarkObjects: 2.759100 ms  DeleteObjects: 0.077700 ms)

========================================================================
Received Import Request.
  path: Assets/player.prefab
  artifactKey: Guid(7a0307e48f36b7d459f7e9b95cd70669) Importer(815301076,1909f56bfc062723c751e8b465ee728b)
Start importing Assets/player.prefab using Guid(7a0307e48f36b7d459f7e9b95cd70669) Importer(815301076,1909f56bfc062723c751e8b465ee728b)  -> (artifact id: 'c9d5685a1e44cb6b9912a864c909c296') in 0.107036 seconds
  Import took 0.109283 seconds .

========================================================================
Received Import Request.
  Time since last request: 0.000304 seconds.
  path: Assets/Bounce.physicsMaterial2D
  artifactKey: Guid(115360b0fab6823488d145eafce9ac8f) Importer(815301076,1909f56bfc062723c751e8b465ee728b)
Start importing Assets/Bounce.physicsMaterial2D using Guid(115360b0fab6823488d145eafce9ac8f) Importer(815301076,1909f56bfc062723c751e8b465ee728b)  -> (artifact id: 'ca16f397c7e95ce9ca14e77aff258fa0') in 0.022361 seconds
  Import took 0.026303 seconds .

========================================================================
Received Import Request.
  Time since last request: 0.000453 seconds.
  path: Assets/bomb.prefab
  artifactKey: Guid(e6923abbc2d07d04d9361728c69c3b7a) Importer(815301076,1909f56bfc062723c751e8b465ee728b)
Start importing Assets/bomb.prefab using Guid(e6923abbc2d07d04d9361728c69c3b7a) Importer(815301076,1909f56bfc062723c751e8b465ee728b)  -> (artifact id: 'cefc6a5888e84c911c5c7b4c87dea320') in 0.172854 seconds
  Import took 0.176044 seconds .

========================================================================
Received Import Request.
  Time since last request: 3.924818 seconds.
  path: Assets/Scenes
  artifactKey: Guid(cdead10a5300cc040bbc9585f6683155) Importer(815301076,1909f56bfc062723c751e8b465ee728b)
Start importing Assets/Scenes using Guid(cdead10a5300cc040bbc9585f6683155) Importer(815301076,1909f56bfc062723c751e8b465ee728b)  -> (artifact id: 'e9324f4c6bc51c414d119de3ab385899') in 0.039168 seconds
  Import took 0.043278 seconds .

========================================================================
Received Import Request.
  Time since last request: 0.889122 seconds.
  path: Assets/Scenes/dev_level.unity
  artifactKey: Guid(a836026ad1ce58b478cc597c19a3f120) Importer(815301076,1909f56bfc062723c751e8b465ee728b)
Start importing Assets/Scenes/dev_level.unity using Guid(a836026ad1ce58b478cc597c19a3f120) Importer(815301076,1909f56bfc062723c751e8b465ee728b)  -> (artifact id: 'be48d91cd2ddfbb1fb5eafc75a6d1090') in 0.066117 seconds
  Import took 0.069599 seconds .

AssetImportWorkerClient::OnTransportError - code=2 error=End of file
